UOS admin server listening on http://127.0.0.1:4180
file:///home/ec2-user/.openclaw/workspace/admin-server/src/server.js:2903
    <div class="card mt-3"><div class="card-body"><div class="d-flex justify-content-between align-items-center mb-2"><strong>Recent Events</strong><span class="small text-muted">Showing ${eventSlice.length} of ${events.length}</span></div><div class="table-responsive"><table class="table table-sm align-middle mb-0"><thead><tr><th>TIME</th><th>ACTOR</th><th>EVENT</th></tr></thead><tbody>${eventRows}</tbody></table></div><div class="d-flex justify-content-between align-items-center mt-2"><div class="small text-muted">Page ${eventPageClamped} / ${eventTotalPages}</div><div class="btn-group btn-group-sm"><a class="btn btn-outline-secondary ${eventPageClamped<=1?'disabled':''}" href="/dashboard?eventPage=${Math.max(1,eventPageClamped-1)}&eventPageSize=${eventPageSize}">Prev</a><a class="btn btn-outline-secondary ${eventPageClamped>=eventTotalPages?'disabled':''}" href="/dashboard?eventPage=${Math.min(eventTotalPages,eventPageClamped+1)}&eventPageSize=${eventPageSize}">Next</a><a class="btn btn-outline-secondary" href="/dashboard/events">Full log</a></div></div></div></div>
                                                                                                                                                                                             ^

ReferenceError: eventSlice is not defined
    at file:///home/ec2-user/.openclaw/workspace/admin-server/src/server.js:2903:190

Node.js v22.22.0
UOS admin server listening on http://127.0.0.1:4180
node:events:497
      throw er; // Unhandled 'error' event
      ^

Error: listen EADDRINUSE: address already in use 127.0.0.1:4180
    at Server.setupListenHandle [as _listen2] (node:net:1940:16)
    at listenInCluster (node:net:1997:12)
    at node:net:2206:7
    at process.processTicksAndRejections (node:internal/process/task_queues:90:21)
Emitted 'error' event on Server instance at:
    at emitErrorNT (node:net:1976:8)
    at process.processTicksAndRejections (node:internal/process/task_queues:90:21) {
  code: 'EADDRINUSE',
  errno: -98,
  syscall: 'listen',
  address: '127.0.0.1',
  port: 4180
}

Node.js v22.22.0
UOS admin server listening on http://127.0.0.1:4180
node:events:497
      throw er; // Unhandled 'error' event
      ^

Error: listen EADDRINUSE: address already in use 127.0.0.1:4180
    at Server.setupListenHandle [as _listen2] (node:net:1940:16)
    at listenInCluster (node:net:1997:12)
    at node:net:2206:7
    at process.processTicksAndRejections (node:internal/process/task_queues:90:21)
Emitted 'error' event on Server instance at:
    at emitErrorNT (node:net:1976:8)
    at process.processTicksAndRejections (node:internal/process/task_queues:90:21) {
  code: 'EADDRINUSE',
  errno: -98,
  syscall: 'listen',
  address: '127.0.0.1',
  port: 4180
}

Node.js v22.22.0
UOS admin server listening on http://127.0.0.1:4180
node:events:497
      throw er; // Unhandled 'error' event
      ^

Error: listen EADDRINUSE: address already in use 127.0.0.1:4180
    at Server.setupListenHandle [as _listen2] (node:net:1940:16)
    at listenInCluster (node:net:1997:12)
    at node:net:2206:7
    at process.processTicksAndRejections (node:internal/process/task_queues:90:21)
Emitted 'error' event on Server instance at:
    at emitErrorNT (node:net:1976:8)
    at process.processTicksAndRejections (node:internal/process/task_queues:90:21) {
  code: 'EADDRINUSE',
  errno: -98,
  syscall: 'listen',
  address: '127.0.0.1',
  port: 4180
}

Node.js v22.22.0
node:events:497
      throw er; // Unhandled 'error' event
      ^

Error: listen EADDRINUSE: address already in use 127.0.0.1:4180
    at Server.setupListenHandle [as _listen2] (node:net:1940:16)
    at listenInCluster (node:net:1997:12)
    at node:net:2206:7
    at process.processTicksAndRejections (node:internal/process/task_queues:90:21)
Emitted 'error' event on Server instance at:
    at emitErrorNT (node:net:1976:8)
    at process.processTicksAndRejections (node:internal/process/task_queues:90:21) {
  code: 'EADDRINUSE',
  errno: -98,
  syscall: 'listen',
  address: '127.0.0.1',
  port: 4180
}

Node.js v22.22.0
UOS admin server listening on http://127.0.0.1:4180
UOS admin server listening on http://127.0.0.1:4180
UOS admin server listening on http://127.0.0.1:4180
UOS admin server listening on http://127.0.0.1:4180
UOS admin server listening on http://127.0.0.1:4180
UOS admin server listening on http://127.0.0.1:4180
UOS admin server listening on http://127.0.0.1:4180
node:events:497
      throw er; // Unhandled 'error' event
      ^

Error: listen EADDRINUSE: address already in use 127.0.0.1:4180
    at Server.setupListenHandle [as _listen2] (node:net:1940:16)
    at listenInCluster (node:net:1997:12)
    at node:net:2206:7
    at process.processTicksAndRejections (node:internal/process/task_queues:90:21)
Emitted 'error' event on Server instance at:
    at emitErrorNT (node:net:1976:8)
    at process.processTicksAndRejections (node:internal/process/task_queues:90:21) {
  code: 'EADDRINUSE',
  errno: -98,
  syscall: 'listen',
  address: '127.0.0.1',
  port: 4180
}

Node.js v22.22.0
node:events:497
      throw er; // Unhandled 'error' event
      ^

Error: listen EADDRINUSE: address already in use 127.0.0.1:4180
    at Server.setupListenHandle [as _listen2] (node:net:1940:16)
    at listenInCluster (node:net:1997:12)
    at node:net:2206:7
    at process.processTicksAndRejections (node:internal/process/task_queues:90:21)
Emitted 'error' event on Server instance at:
    at emitErrorNT (node:net:1976:8)
    at process.processTicksAndRejections (node:internal/process/task_queues:90:21) {
  code: 'EADDRINUSE',
  errno: -98,
  syscall: 'listen',
  address: '127.0.0.1',
  port: 4180
}

Node.js v22.22.0
UOS admin server listening on http://127.0.0.1:4180
node:events:497
      throw er; // Unhandled 'error' event
      ^

Error: listen EADDRINUSE: address already in use 127.0.0.1:4180
    at Server.setupListenHandle [as _listen2] (node:net:1940:16)
    at listenInCluster (node:net:1997:12)
    at node:net:2206:7
    at process.processTicksAndRejections (node:internal/process/task_queues:90:21)
Emitted 'error' event on Server instance at:
    at emitErrorNT (node:net:1976:8)
    at process.processTicksAndRejections (node:internal/process/task_queues:90:21) {
  code: 'EADDRINUSE',
  errno: -98,
  syscall: 'listen',
  address: '127.0.0.1',
  port: 4180
}

Node.js v22.22.0
file:///home/ec2-user/.openclaw/workspace/admin-server/src/server.js:3280
  const canEdit = ['architect','editor'].includes(String(effectiveRole(req) || '').trim().toLowerCase());
        ^

SyntaxError: Identifier 'canEdit' has already been declared
    at compileSourceTextModule (node:internal/modules/esm/utils:346:16)
    at ModuleLoader.moduleStrategy (node:internal/modules/esm/translators:107:18)
    at #translate (node:internal/modules/esm/loader:546:20)
    at afterLoad (node:internal/modules/esm/loader:596:29)
    at ModuleLoader.loadAndTranslate (node:internal/modules/esm/loader:601:12)
    at #createModuleJob (node:internal/modules/esm/loader:624:36)
    at #getJobFromResolveResult (node:internal/modules/esm/loader:343:34)
    at ModuleLoader.getModuleJobForImport (node:internal/modules/esm/loader:311:41)
    at async onImport.tracePromise.__proto__ (node:internal/modules/esm/loader:664:25)

Node.js v22.22.0
UOS admin server listening on http://127.0.0.1:4180
file:///home/ec2-user/.openclaw/workspace/admin-server/src/server.js:3439
    <p><strong>Status:</strong> ${escapeHtml(i.status || '')}</p>`}
                                                            ^^^^^^

SyntaxError: missing ) after argument list
    at compileSourceTextModule (node:internal/modules/esm/utils:346:16)
    at ModuleLoader.moduleStrategy (node:internal/modules/esm/translators:107:18)
    at #translate (node:internal/modules/esm/loader:546:20)
    at afterLoad (node:internal/modules/esm/loader:596:29)
    at ModuleLoader.loadAndTranslate (node:internal/modules/esm/loader:601:12)
    at #createModuleJob (node:internal/modules/esm/loader:624:36)
    at #getJobFromResolveResult (node:internal/modules/esm/loader:343:34)
    at ModuleLoader.getModuleJobForImport (node:internal/modules/esm/loader:311:41)
    at async onImport.tracePromise.__proto__ (node:internal/modules/esm/loader:664:25)

Node.js v22.22.0
node:events:497
      throw er; // Unhandled 'error' event
      ^

Error: listen EADDRINUSE: address already in use 127.0.0.1:4180
    at Server.setupListenHandle [as _listen2] (node:net:1940:16)
    at listenInCluster (node:net:1997:12)
    at node:net:2206:7
    at process.processTicksAndRejections (node:internal/process/task_queues:90:21)
Emitted 'error' event on Server instance at:
    at emitErrorNT (node:net:1976:8)
    at process.processTicksAndRejections (node:internal/process/task_queues:90:21) {
  code: 'EADDRINUSE',
  errno: -98,
  syscall: 'listen',
  address: '127.0.0.1',
  port: 4180
}

Node.js v22.22.0
UOS admin server listening on http://127.0.0.1:4180
UOS admin server listening on http://127.0.0.1:4180
UOS admin server listening on http://127.0.0.1:4180
UOS admin server listening on http://127.0.0.1:4180
node:events:497
      throw er; // Unhandled 'error' event
      ^

Error: listen EADDRINUSE: address already in use 127.0.0.1:4180
    at Server.setupListenHandle [as _listen2] (node:net:1940:16)
    at listenInCluster (node:net:1997:12)
    at node:net:2206:7
    at process.processTicksAndRejections (node:internal/process/task_queues:90:21)
Emitted 'error' event on Server instance at:
    at emitErrorNT (node:net:1976:8)
    at process.processTicksAndRejections (node:internal/process/task_queues:90:21) {
  code: 'EADDRINUSE',
  errno: -98,
  syscall: 'listen',
  address: '127.0.0.1',
  port: 4180
}

Node.js v22.22.0
node:events:497
      throw er; // Unhandled 'error' event
      ^

Error: listen EADDRINUSE: address already in use 127.0.0.1:4180
    at Server.setupListenHandle [as _listen2] (node:net:1940:16)
    at listenInCluster (node:net:1997:12)
    at node:net:2206:7
    at process.processTicksAndRejections (node:internal/process/task_queues:90:21)
Emitted 'error' event on Server instance at:
    at emitErrorNT (node:net:1976:8)
    at process.processTicksAndRejections (node:internal/process/task_queues:90:21) {
  code: 'EADDRINUSE',
  errno: -98,
  syscall: 'listen',
  address: '127.0.0.1',
  port: 4180
}

Node.js v22.22.0
